Start testing: Feb 23 02:37 +07
----------------------------------------------------------
1/1 Testing: pe_model_engine_tests
1/1 Test: pe_model_engine_tests
Command: "/home/viettran/Documents/visual_code/EDR_AGENT/.cmake-debug/embedded_phase/src/model_engine/test/pe_model_engine_tests"
Directory: /home/viettran/Documents/visual_code/EDR_AGENT/.cmake-debug/embedded_phase/src/model_engine/test
"pe_model_engine_tests" start time: Feb 23 02:37 +07
Output:
----------------------------------------------------------
pe_model_engine_tests: PASS
<end of output>
Test time =   0.00 sec
----------------------------------------------------------
Test Passed.
"pe_model_engine_tests" end time: Feb 23 02:37 +07
"pe_model_engine_tests" time elapsed: 00:00:00
----------------------------------------------------------

End testing: Feb 23 02:37 +07
